<?xml version="1.0" encoding="UTF-8"?>
<!-- Generated by org.testng.reporters.JUnitXMLReporter -->
<testsuite hostname="DESKTOP-R4GCUPT" ignored="26" name="Default test(failed)" tests="1" failures="1" timestamp="2020-04-26T01:24:18 IST" time="23.124" errors="0">
  <testcase name="verifyMouseHoverPage" time="0.368" classname="selenium.TestLeafApplication">
    <failure type="org.openqa.selenium.NoSuchElementException" message="no such element: Unable to locate element: {&amp;quot;method&amp;quot;:&amp;quot;link text&amp;quot;,&amp;quot;selector&amp;quot;:&amp;quot;Mouse Hover1&amp;quot;}
  (Session info: chrome=81.0.4044.122)
For documentation on this error, please visit: http://seleniumhq.org/exceptions/no_such_element.html
Build info: version: &amp;apos;3.14.0&amp;apos;, revision: &amp;apos;aacccce0&amp;apos;, time: &amp;apos;2018-08-02T20:19:58.91Z&amp;apos;
System info: host: &amp;apos;DESKTOP-R4GCUPT&amp;apos;, ip: &amp;apos;192.168.1.3&amp;apos;, os.name: &amp;apos;Windows 10&amp;apos;, os.arch: &amp;apos;amd64&amp;apos;, os.version: &amp;apos;10.0&amp;apos;, java.version: &amp;apos;1.8.0_221&amp;apos;
Driver info: org.openqa.selenium.chrome.ChromeDriver
Capabilities {acceptInsecureCerts: false, browserName: chrome, browserVersion: 81.0.4044.122, chrome: {chromedriverVersion: 80.0.3987.106 (f68069574609..., userDataDir: C:\Users\Admin\AppData\Loca...}, goog:chromeOptions: {debuggerAddress: localhost:51240}, javascriptEnabled: true, networkConnectionEnabled: false, pageLoadStrategy: normal, platform: WINDOWS, platformName: WINDOWS, proxy: Proxy(), setWindowRect: true, strictFileInteractability: false, timeouts: {implicit: 0, pageLoad: 300000, script: 30000}, unhandledPromptBehavior: dismiss and notify}
Session ID: eeac496e5622ec1fac5c1064221b1aad
*** Element info: {Using=link text, value=Mouse Hover1}">
      <![CDATA[org.openqa.selenium.NoSuchElementException: no such element: Unable to locate element: {"method":"link text","selector":"Mouse Hover1"}
  (Session info: chrome=81.0.4044.122)
For documentation on this error, please visit: http://seleniumhq.org/exceptions/no_such_element.html
Build info: version: '3.14.0', revision: 'aacccce0', time: '2018-08-02T20:19:58.91Z'
System info: host: 'DESKTOP-R4GCUPT', ip: '192.168.1.3', os.name: 'Windows 10', os.arch: 'amd64', os.version: '10.0', java.version: '1.8.0_221'
Driver info: org.openqa.selenium.chrome.ChromeDriver
Capabilities {acceptInsecureCerts: false, browserName: chrome, browserVersion: 81.0.4044.122, chrome: {chromedriverVersion: 80.0.3987.106 (f68069574609..., userDataDir: C:\Users\Admin\AppData\Loca...}, goog:chromeOptions: {debuggerAddress: localhost:51240}, javascriptEnabled: true, networkConnectionEnabled: false, pageLoadStrategy: normal, platform: WINDOWS, platformName: WINDOWS, proxy: Proxy(), setWindowRect: true, strictFileInteractability: false, timeouts: {implicit: 0, pageLoad: 300000, script: 30000}, unhandledPromptBehavior: dismiss and notify}
Session ID: eeac496e5622ec1fac5c1064221b1aad
*** Element info: {Using=link text, value=Mouse Hover1}
at org.openqa.selenium.remote.http.W3CHttpResponseCodec.createException(W3CHttpResponseCodec.java:187)
at org.openqa.selenium.remote.http.W3CHttpResponseCodec.decode(W3CHttpResponseCodec.java:122)
at org.openqa.selenium.remote.http.W3CHttpResponseCodec.decode(W3CHttpResponseCodec.java:49)
at org.openqa.selenium.remote.HttpCommandExecutor.execute(HttpCommandExecutor.java:158)
at org.openqa.selenium.remote.service.DriverCommandExecutor.execute(DriverCommandExecutor.java:83)
at org.openqa.selenium.remote.RemoteWebDriver.execute(RemoteWebDriver.java:548)
at org.openqa.selenium.remote.RemoteWebDriver.findElement(RemoteWebDriver.java:322)
at org.openqa.selenium.remote.RemoteWebDriver.findElementByLinkText(RemoteWebDriver.java:376)
at org.openqa.selenium.By$ByLinkText.findElement(By.java:220)
at org.openqa.selenium.remote.RemoteWebDriver.findElement(RemoteWebDriver.java:314)
at selenium.TestLeafApplication.verifyMouseHoverPage(TestLeafApplication.java:877)
at java.util.ArrayList.forEach(Unknown Source)
... Removed 31 stack frames]]>
    </failure>
  </testcase> <!-- verifyMouseHoverPage -->
  <testcase name="verifyAutoCompletePage" time="0.0" classname="selenium.TestLeafApplication">
    <ignored/>
  </testcase> <!-- verifyAutoCompletePage -->
  <testcase name="verifyEdit" time="0.0" classname="selenium.TestLeafApplication">
    <ignored/>
  </testcase> <!-- verifyEdit -->
  <testcase name="verifyAdvanceWebTablePage" time="0.0" classname="selenium.TestLeafApplication">
    <ignored/>
  </testcase> <!-- verifyAdvanceWebTablePage -->
  <testcase name="verifyCalendarPage" time="0.0" classname="selenium.TestLeafApplication">
    <ignored/>
  </testcase> <!-- verifyCalendarPage -->
  <testcase name="verifyDownLoadFilesPage" time="0.0" classname="selenium.TestLeafApplication">
    <ignored/>
  </testcase> <!-- verifyDownLoadFilesPage -->
  <testcase name="verifyLinks" time="0.0" classname="selenium.TestLeafApplication">
    <ignored/>
  </testcase> <!-- verifyLinks -->
  <testcase name="verifyUploadFilesPage" time="0.0" classname="selenium.TestLeafApplication">
    <ignored/>
  </testcase> <!-- verifyUploadFilesPage -->
  <testcase name="verifyCheckBoxPage" time="0.0" classname="selenium.TestLeafApplication">
    <ignored/>
  </testcase> <!-- verifyCheckBoxPage -->
  <testcase name="verifyImagePage" time="0.0" classname="selenium.TestLeafApplication">
    <ignored/>
  </testcase> <!-- verifyImagePage -->
  <testcase name="verifyDroppablePage" time="0.0" classname="selenium.TestLeafApplication">
    <ignored/>
  </testcase> <!-- verifyDroppablePage -->
  <testcase name="verifyHyperLinksPage" time="0.0" classname="selenium.TestLeafApplication">
    <ignored/>
  </testcase> <!-- verifyHyperLinksPage -->
  <testcase name="verifyTablePage" time="0.0" classname="selenium.TestLeafApplication">
    <ignored/>
  </testcase> <!-- verifyTablePage -->
  <testcase name="verifyToolTipPage" time="0.0" classname="selenium.TestLeafApplication">
    <ignored/>
  </testcase> <!-- verifyToolTipPage -->
  <testcase name="verifyRadioButtonPage" time="0.0" classname="selenium.TestLeafApplication">
    <ignored/>
  </testcase> <!-- verifyRadioButtonPage -->
  <testcase name="verifyButtonPage" time="0.0" classname="selenium.TestLeafApplication">
    <ignored/>
  </testcase> <!-- verifyButtonPage -->
  <testcase name="verifyAlertPage" time="0.0" classname="selenium.TestLeafApplication">
    <ignored/>
  </testcase> <!-- verifyAlertPage -->
  <testcase name="verifyDraggablePage" time="0.0" classname="selenium.TestLeafApplication">
    <ignored/>
  </testcase> <!-- verifyDraggablePage -->
  <testcase name="verifyWaitForTextChangePage" time="0.0" classname="selenium.TestLeafApplication">
    <ignored/>
  </testcase> <!-- verifyWaitForTextChangePage -->
  <testcase name="verifyWaitForAlertPage" time="0.0" classname="selenium.TestLeafApplication">
    <ignored/>
  </testcase> <!-- verifyWaitForAlertPage -->
  <testcase name="verifyWaitToAppearPage" time="0.0" classname="selenium.TestLeafApplication">
    <ignored/>
  </testcase> <!-- verifyWaitToAppearPage -->
  <testcase name="verifySelectablePage" time="0.0" classname="selenium.TestLeafApplication">
    <ignored/>
  </testcase> <!-- verifySelectablePage -->
  <testcase name="verifySortablePage" time="0.0" classname="selenium.TestLeafApplication">
    <ignored/>
  </testcase> <!-- verifySortablePage -->
  <testcase name="verifyDropdownPage" time="0.0" classname="selenium.TestLeafApplication">
    <ignored/>
  </testcase> <!-- verifyDropdownPage -->
  <testcase name="verifyWindowPage" time="0.0" classname="selenium.TestLeafApplication">
    <ignored/>
  </testcase> <!-- verifyWindowPage -->
  <testcase name="verifyWaitToDisappearPage" time="0.0" classname="selenium.TestLeafApplication">
    <ignored/>
  </testcase> <!-- verifyWaitToDisappearPage -->
  <testcase name="verifyFramePage" time="0.0" classname="selenium.TestLeafApplication">
    <ignored/>
  </testcase> <!-- verifyFramePage -->
</testsuite> <!-- Default test(failed) -->
